Z:\Ryan On My Mac\Documents\Penn State\Fall 2010\CMPSC 458\Roller Coaster\RollerCoaster\CMPSC458RollerCoaster\Debug\cl.command.1.tlog
Z:\Ryan On My Mac\Documents\Penn State\Fall 2010\CMPSC 458\Roller Coaster\RollerCoaster\CMPSC458RollerCoaster\Debug\CL.read.1.tlog
Z:\Ryan On My Mac\Documents\Penn State\Fall 2010\CMPSC 458\Roller Coaster\RollerCoaster\CMPSC458RollerCoaster\Debug\CL.write.1.tlog
Z:\Ryan On My Mac\Documents\Penn State\Fall 2010\CMPSC 458\Roller Coaster\RollerCoaster\CMPSC458RollerCoaster\Debug\link.1488.read.1.tlog
Z:\Ryan On My Mac\Documents\Penn State\Fall 2010\CMPSC 458\Roller Coaster\RollerCoaster\CMPSC458RollerCoaster\Debug\link.1488.write.1.tlog
Z:\Ryan On My Mac\Documents\Penn State\Fall 2010\CMPSC 458\Roller Coaster\RollerCoaster\CMPSC458RollerCoaster\Debug\link.1488-cvtres.read.1.tlog
Z:\Ryan On My Mac\Documents\Penn State\Fall 2010\CMPSC 458\Roller Coaster\RollerCoaster\CMPSC458RollerCoaster\Debug\link.1488-cvtres.write.1.tlog
Z:\Ryan On My Mac\Documents\Penn State\Fall 2010\CMPSC 458\Roller Coaster\RollerCoaster\CMPSC458RollerCoaster\Debug\link.3436.read.1.tlog
Z:\Ryan On My Mac\Documents\Penn State\Fall 2010\CMPSC 458\Roller Coaster\RollerCoaster\CMPSC458RollerCoaster\Debug\link.3436.write.1.tlog
Z:\Ryan On My Mac\Documents\Penn State\Fall 2010\CMPSC 458\Roller Coaster\RollerCoaster\CMPSC458RollerCoaster\Debug\link.3436-cvtres.read.1.tlog
Z:\Ryan On My Mac\Documents\Penn State\Fall 2010\CMPSC 458\Roller Coaster\RollerCoaster\CMPSC458RollerCoaster\Debug\link.3436-cvtres.write.1.tlog
Z:\Ryan On My Mac\Documents\Penn State\Fall 2010\CMPSC 458\Roller Coaster\RollerCoaster\CMPSC458RollerCoaster\Debug\link.command.1.tlog
Z:\Ryan On My Mac\Documents\Penn State\Fall 2010\CMPSC 458\Roller Coaster\RollerCoaster\CMPSC458RollerCoaster\Debug\link.read.1.tlog
Z:\Ryan On My Mac\Documents\Penn State\Fall 2010\CMPSC 458\Roller Coaster\RollerCoaster\CMPSC458RollerCoaster\Debug\link.write.1.tlog
Z:\Ryan On My Mac\Documents\Penn State\Fall 2010\CMPSC 458\Roller Coaster\RollerCoaster\CMPSC458RollerCoaster\Debug\link-cvtres.read.1.tlog
Z:\Ryan On My Mac\Documents\Penn State\Fall 2010\CMPSC 458\Roller Coaster\RollerCoaster\CMPSC458RollerCoaster\Debug\link-cvtres.write.1.tlog
Z:\Ryan On My Mac\Documents\Penn State\Fall 2010\CMPSC 458\Roller Coaster\RollerCoaster\CMPSC458RollerCoaster\Debug\mt.command.1.tlog
Z:\Ryan On My Mac\Documents\Penn State\Fall 2010\CMPSC 458\Roller Coaster\RollerCoaster\CMPSC458RollerCoaster\Debug\mt.read.1.tlog
Z:\Ryan On My Mac\Documents\Penn State\Fall 2010\CMPSC 458\Roller Coaster\RollerCoaster\CMPSC458RollerCoaster\Debug\mt.write.1.tlog
Z:\Ryan On My Mac\Documents\Penn State\Fall 2010\CMPSC 458\Roller Coaster\RollerCoaster\CMPSC458RollerCoaster\Debug\rc.command.1.tlog
Z:\Ryan On My Mac\Documents\Penn State\Fall 2010\CMPSC 458\Roller Coaster\RollerCoaster\CMPSC458RollerCoaster\Debug\rc.read.1.tlog
Z:\Ryan On My Mac\Documents\Penn State\Fall 2010\CMPSC 458\Roller Coaster\RollerCoaster\CMPSC458RollerCoaster\Debug\rc.write.1.tlog
Z:\RYAN ON MY MAC\DOCUMENTS\PENN STATE\FALL 2010\CMPSC 458\ROLLER COASTER\ROLLERCOASTER\CMPSC458ROLLERCOASTER\DEBUG\RC_MAIN.OBJ
Z:\RYAN ON MY MAC\DOCUMENTS\PENN STATE\FALL 2010\CMPSC 458\ROLLER COASTER\ROLLERCOASTER\CMPSC458ROLLERCOASTER\DEBUG\RC_SPLINE.OBJ
Z:\RYAN ON MY MAC\DOCUMENTS\PENN STATE\FALL 2010\CMPSC 458\ROLLER COASTER\ROLLERCOASTER\CMPSC458ROLLERCOASTER\DEBUG\ROLLERCOASTER.EXE
Z:\Ryan On My Mac\Documents\Penn State\Fall 2010\CMPSC 458\Roller Coaster\RollerCoaster\CMPSC458RollerCoaster\Debug\RollerCoaster.exe.embed.manifest
Z:\RYAN ON MY MAC\DOCUMENTS\PENN STATE\FALL 2010\CMPSC 458\ROLLER COASTER\ROLLERCOASTER\CMPSC458ROLLERCOASTER\DEBUG\ROLLERCOASTER.EXE.EMBED.MANIFEST.RES
Z:\RYAN ON MY MAC\DOCUMENTS\PENN STATE\FALL 2010\CMPSC 458\ROLLER COASTER\ROLLERCOASTER\CMPSC458ROLLERCOASTER\DEBUG\ROLLERCOASTER.EXE.INTERMEDIATE.MANIFEST
Z:\RYAN ON MY MAC\DOCUMENTS\PENN STATE\FALL 2010\CMPSC 458\ROLLER COASTER\ROLLERCOASTER\CMPSC458ROLLERCOASTER\DEBUG\ROLLERCOASTER.ILK
Z:\RYAN ON MY MAC\DOCUMENTS\PENN STATE\FALL 2010\CMPSC 458\ROLLER COASTER\ROLLERCOASTER\CMPSC458ROLLERCOASTER\DEBUG\ROLLERCOASTER.PDB
Z:\Ryan On My Mac\Documents\Penn State\Fall 2010\CMPSC 458\Roller Coaster\RollerCoaster\CMPSC458RollerCoaster\Debug\RollerCoaster_manifest.rc
Z:\Ryan On My Mac\Documents\Penn State\Fall 2010\CMPSC 458\Roller Coaster\RollerCoaster\CMPSC458RollerCoaster\Debug\vc100.idb
Z:\RYAN ON MY MAC\DOCUMENTS\PENN STATE\FALL 2010\CMPSC 458\ROLLER COASTER\ROLLERCOASTER\CMPSC458ROLLERCOASTER\DEBUG\VC100.PDB
