Build started 10/13/2010 10:12:21 PM.
Project "Z:\Ryan On My Mac\Documents\Penn State\Fall 2010\CMPSC 458\Roller Coaster\RollerCoaster\CMPSC458RollerCoaster\RollerCoaster.vcxproj" on node 2 (build target(s)).
InitializeBuildStatus:
  Creating "Debug\RollerCoaster.unsuccessfulbuild" because "AlwaysCreate" was specified.
ClCompile:
  C:\Program Files\Microsoft Visual Studio 10.0\VC\bin\CL.exe /c /I"Z:\Ryan On My Mac\Documents\Penn State\Fall 2010\CMPSC 458\Roller Coaster\RollerCoaster\CMPSC458RollerCoaster\\libs\include" /ZI /nologo /W3 /WX- /Od /Oy- /D WIN32 /D _DEBUG /D _CONSOLE /D _UNICODE /D UNICODE /Gm /EHsc /RTC1 /MTd /GS /fp:precise /Zc:wchar_t /Zc:forScope /Fo"Debug\\" /Fd"Debug\vc100.pdb" /Gd /TP /analyze- /errorReport:prompt rc_main.cpp
  rc_main.cpp
  Linking to lib file: libpiciomtd.lib
ManifestResourceCompile:
  All outputs are up-to-date.
Link:
  C:\Program Files\Microsoft Visual Studio 10.0\VC\bin\link.exe /ERRORREPORT:PROMPT /OUT:"Z:\Ryan On My Mac\Documents\Penn State\Fall 2010\CMPSC 458\Roller Coaster\RollerCoaster\CMPSC458RollerCoaster\Debug\RollerCoaster.exe" /INCREMENTAL /NOLOGO /LIBPATH:"Z:\Ryan On My Mac\Documents\Penn State\Fall 2010\CMPSC 458\Roller Coaster\RollerCoaster\CMPSC458RollerCoaster\\libs\lib" kernel32.lib user32.lib gdi32.lib winspool.lib comdlg32.lib advapi32.lib shell32.lib ole32.lib oleaut32.lib uuid.lib odbc32.lib odbccp32.lib /MANIFEST /ManifestFile:"Debug\RollerCoaster.exe.intermediate.manifest" /MANIFESTUAC:"level='asInvoker' uiAccess='false'" /DEBUG /PDB:"Z:\Ryan On My Mac\Documents\Penn State\Fall 2010\CMPSC 458\Roller Coaster\RollerCoaster\CMPSC458RollerCoaster\Debug\RollerCoaster.pdb" /SUBSYSTEM:CONSOLE /TLBID:1 /DYNAMICBASE:NO /IMPLIB:"Z:\Ryan On My Mac\Documents\Penn State\Fall 2010\CMPSC 458\Roller Coaster\RollerCoaster\CMPSC458RollerCoaster\Debug\RollerCoaster.lib" /MACHINE:X86 Debug\RollerCoaster.exe.embed.manifest.res
  Debug\rc_main.obj
  Debug\rc_spline.obj
Manifest:
  C:\Program Files\Microsoft SDKs\Windows\v7.0A\bin\mt.exe /nologo /verbose /out:"Debug\RollerCoaster.exe.embed.manifest" /manifest Debug\RollerCoaster.exe.intermediate.manifest
  All outputs are up-to-date.
LinkEmbedManifest:
  All outputs are up-to-date.
  RollerCoaster.vcxproj -> Z:\Ryan On My Mac\Documents\Penn State\Fall 2010\CMPSC 458\Roller Coaster\RollerCoaster\CMPSC458RollerCoaster\Debug\RollerCoaster.exe
FinalizeBuildStatus:
  Deleting file "Debug\RollerCoaster.unsuccessfulbuild".
  Touching "Debug\RollerCoaster.lastbuildstate".
Done Building Project "Z:\Ryan On My Mac\Documents\Penn State\Fall 2010\CMPSC 458\Roller Coaster\RollerCoaster\CMPSC458RollerCoaster\RollerCoaster.vcxproj" (build target(s)).

Build succeeded.

Time Elapsed 00:00:07.04
